Subjects             TP (%)     FN (%)     TN (%)     FP (%)    

Math                 93.83      6.17       89.98      10.02     
Compress             92.53      7.47       98.18      1.82      
JacksonDatabind      100.0      0.0        30.77      69.23     
Lang                 81.07      18.93      92.6       7.4       
Closure              98.36      1.64       80.56      19.44     
Chart                94.74      5.26       88.03      11.97     
Codec                79.12      20.88      99.58      0.42      
Csv                  94.59      5.41       98.21      1.79      
Jsoup                98.81      1.19       0.0        100.0     
JxPath               100.0      0.0        25.0       75.0      
Gson                 100.0      0.0        66.67      33.33     
JacksonCore          97.06      2.94       41.94      58.06     
Cli                  96.23      3.77       60.0       40.0      
Time                 100.0      0.0        0.0        100.0     
JacksonXml           100.0      0.0        0.0        100.0     
Mockito              100.0      0.0        0.0        100.0     

Total                93.63      6.37       92.77      7.23      

Accuracy  : 93.0      
Precision : 86.0      
Recall    : 94.0      
F1        : 90.0      
