/u/kl5sq/masters/SEER
commons-imaging-1.0-alpha3-src
real_data_gen/fold0/commons-imaging-1.0-alpha3-src/
loading data...
2858 entries
reloaded model
Average time per batch (size=1): 0.04909110069274902
spark
real_data_gen/fold0/spark/
loading data...
5280 entries
reloaded model
Average time per batch (size=1): 0.05047464370727539
commons-lang3-3.12.0-src
real_data_gen/fold0/commons-lang3-3.12.0-src/
loading data...
12118 entries
reloaded model
Average time per batch (size=1): 0.04771780967712402
http-request
real_data_gen/fold0/http-request/
loading data...
4069 entries
reloaded model
Average time per batch (size=1): 0.04914212226867676
commons-geometry-1.0-src
real_data_gen/fold0/commons-geometry-1.0-src/
loading data...
5438 entries
reloaded model
Average time per batch (size=1): 0.04909801483154297
springside4
real_data_gen/fold0/springside4/
loading data...
2590 entries
reloaded model
Average time per batch (size=1): 0.04872846603393555
commons-jexl3-3.2.1-src
real_data_gen/fold0/commons-jexl3-3.2.1-src/
loading data...
2946 entries
reloaded model
Average time per batch (size=1): 0.047760009765625
joda-time
real_data_gen/fold0/joda-time/
loading data...
27480 entries
reloaded model
Average time per batch (size=1): 0.05136251449584961
async-http-client
real_data_gen/fold0/async-http-client/
loading data...
163 entries
reloaded model
Average time per batch (size=1): 0.04844856262207031
JSON-java
real_data_gen/fold0/JSON-java/
loading data...
12911 entries
reloaded model
Average time per batch (size=1): 0.04865908622741699
bcel-6.5.0-src
real_data_gen/fold0/bcel-6.5.0-src/
loading data...
15379 entries
reloaded model
Average time per batch (size=1): 0.05080461502075195
commons-weaver-2.0-src
real_data_gen/fold0/commons-weaver-2.0-src/
loading data...
232 entries
reloaded model
Average time per batch (size=1): 0.04847574234008789
commons-numbers-1.0-src
real_data_gen/fold0/commons-numbers-1.0-src/
loading data...
39866 entries
reloaded model
Average time per batch (size=1): 0.04969620704650879
commons-collections4-4.4-src
real_data_gen/fold0/commons-collections4-4.4-src/
loading data...
1389 entries
reloaded model
Average time per batch (size=1): 0.04898571968078613
jsoup
real_data_gen/fold0/jsoup/
loading data...
8002 entries
reloaded model
Average time per batch (size=1): 0.04893064498901367
commons-jcs3-3.1-src
real_data_gen/fold0/commons-jcs3-3.1-src/
loading data...
4562 entries
reloaded model
Average time per batch (size=1): 0.04771733283996582
commons-validator-1.7
real_data_gen/fold0/commons-validator-1.7/
loading data...
2616 entries
reloaded model
Average time per batch (size=1): 0.04818916320800781
commons-net-3.8.0
real_data_gen/fold0/commons-net-3.8.0/
loading data...
3369 entries
reloaded model
Average time per batch (size=1): 0.0490264892578125
commons-beanutils-1.9.4
real_data_gen/fold0/commons-beanutils-1.9.4/
loading data...
1708 entries
reloaded model
Average time per batch (size=1): 0.047670602798461914
commons-pool2-2.11.1-src
real_data_gen/fold0/commons-pool2-2.11.1-src/
loading data...
11244 entries
reloaded model
Average time per batch (size=1): 0.050392866134643555
commons-rng-1.4-src
real_data_gen/fold0/commons-rng-1.4-src/
loading data...
1641 entries
reloaded model
Average time per batch (size=1): 0.04902291297912598
commons-configuration2-2.8.0-src
real_data_gen/fold0/commons-configuration2-2.8.0-src/
loading data...
1253 entries
reloaded model
Average time per batch (size=1): 0.05006814002990723
commons-vfs-2.9.0
real_data_gen/fold0/commons-vfs-2.9.0/
loading data...
1072 entries
reloaded model
Average time per batch (size=1): 0.048999786376953125
scribejava
real_data_gen/fold0/scribejava/
loading data...
182 entries
reloaded model
Average time per batch (size=1): 0.04879331588745117
commons-dbutils-1.7
real_data_gen/fold0/commons-dbutils-1.7/
loading data...
731 entries
reloaded model
Average time per batch (size=1): 0.0488433837890625
