/u/kl5sq/masters/SEER
commons-imaging-1.0-alpha3-src
real_data_gen/fold0/commons-imaging-1.0-alpha3-src/
loading data...
2858 entries
reloaded model
Average time per batch (size=1): 0.04691600799560547
spark
real_data_gen/fold0/spark/
loading data...
5280 entries
reloaded model
Average time per batch (size=1): 0.04598069190979004
commons-lang3-3.12.0-src
real_data_gen/fold0/commons-lang3-3.12.0-src/
loading data...
12118 entries
reloaded model
Average time per batch (size=1): 0.04668760299682617
http-request
real_data_gen/fold0/http-request/
loading data...
4069 entries
reloaded model
Average time per batch (size=1): 0.04678678512573242
commons-geometry-1.0-src
real_data_gen/fold0/commons-geometry-1.0-src/
loading data...
5438 entries
reloaded model
Average time per batch (size=1): 0.04899001121520996
springside4
real_data_gen/fold0/springside4/
loading data...
2590 entries
reloaded model
Average time per batch (size=1): 0.04702949523925781
commons-jexl3-3.2.1-src
real_data_gen/fold0/commons-jexl3-3.2.1-src/
loading data...
2946 entries
reloaded model
Average time per batch (size=1): 0.04656267166137695
joda-time
real_data_gen/fold0/joda-time/
loading data...
27480 entries
reloaded model
Average time per batch (size=1): 0.047283172607421875
async-http-client
real_data_gen/fold0/async-http-client/
loading data...
163 entries
reloaded model
Average time per batch (size=1): 0.04824018478393555
JSON-java
real_data_gen/fold0/JSON-java/
loading data...
12911 entries
reloaded model
Average time per batch (size=1): 0.04690289497375488
bcel-6.5.0-src
real_data_gen/fold0/bcel-6.5.0-src/
loading data...
15379 entries
reloaded model
Average time per batch (size=1): 0.048058509826660156
commons-weaver-2.0-src
real_data_gen/fold0/commons-weaver-2.0-src/
loading data...
232 entries
reloaded model
Average time per batch (size=1): 0.04684185981750488
commons-numbers-1.0-src
real_data_gen/fold0/commons-numbers-1.0-src/
loading data...
39866 entries
reloaded model
Average time per batch (size=1): 0.04849982261657715
commons-collections4-4.4-src
real_data_gen/fold0/commons-collections4-4.4-src/
loading data...
1389 entries
reloaded model
Average time per batch (size=1): 0.04706621170043945
jsoup
real_data_gen/fold0/jsoup/
loading data...
8002 entries
reloaded model
Average time per batch (size=1): 0.048126935958862305
commons-jcs3-3.1-src
real_data_gen/fold0/commons-jcs3-3.1-src/
loading data...
4562 entries
reloaded model
Average time per batch (size=1): 0.04906868934631348
commons-validator-1.7
real_data_gen/fold0/commons-validator-1.7/
loading data...
2616 entries
reloaded model
Average time per batch (size=1): 0.047651052474975586
commons-net-3.8.0
real_data_gen/fold0/commons-net-3.8.0/
loading data...
3369 entries
reloaded model
Average time per batch (size=1): 0.04674863815307617
commons-beanutils-1.9.4
real_data_gen/fold0/commons-beanutils-1.9.4/
loading data...
1708 entries
reloaded model
Average time per batch (size=1): 0.047563791275024414
commons-pool2-2.11.1-src
real_data_gen/fold0/commons-pool2-2.11.1-src/
loading data...
11244 entries
reloaded model
Average time per batch (size=1): 0.04687166213989258
commons-rng-1.4-src
real_data_gen/fold0/commons-rng-1.4-src/
loading data...
1641 entries
reloaded model
Average time per batch (size=1): 0.052094221115112305
commons-configuration2-2.8.0-src
real_data_gen/fold0/commons-configuration2-2.8.0-src/
loading data...
1253 entries
reloaded model
Average time per batch (size=1): 0.047617435455322266
commons-vfs-2.9.0
real_data_gen/fold0/commons-vfs-2.9.0/
loading data...
1072 entries
reloaded model
Average time per batch (size=1): 0.04819011688232422
scribejava
real_data_gen/fold0/scribejava/
loading data...
182 entries
reloaded model
Average time per batch (size=1): 0.047402143478393555
commons-dbutils-1.7
real_data_gen/fold0/commons-dbutils-1.7/
loading data...
731 entries
reloaded model
Average time per batch (size=1): 0.04724454879760742
